# JRE version: Java(TM) SE Runtime Environment (22.0.2+9) (build 22.0.2+9-70)
# Java VM: Java HotSpot(TM) 64-Bit Server VM (22.0.2+9-70, mixed mode, sharing, tiered, compressed oops, compressed class ptrs, g1 gc, windows-amd64)
GC Precious Log:
 CardTable entry size: 512
 Card Set container configuration: InlinePtr #cards 4 size 8 Array Of Cards #cards 16 size 48 Howl #buckets 8 coarsen threshold 3686 Howl Bitmap #cards 512 size 80 coarsen threshold 460 Card regions per heap region 1 cards per card region 4096
 CPUs: 8 total, 8 available
 Memory: 16103M
 Large Page Support: Disabled
 NUMA Support: Disabled
 Compressed Oops: Enabled (Zero based)
 Heap Region Size: 2M
 Heap Min Capacity: 8M
 Heap Initial Capacity: 252M
 Heap Max Capacity: 4026M
 Pre-touch: Disabled
 Parallel Workers: 8
 Concurrent Workers: 2
 Concurrent Refinement Workers: 8
 Periodic GC: Disabled
Heap:
 garbage-first heap   total reserved 4122624K, committed 98304K, used 49697K [0x0000000704600000, 0x0000000800000000)
  region size 2048K, 6 young (12288K), 2 survivors (4096K)
 Metaspace       used 91476K, committed 92480K, reserved 1179648K
  class space    used 12141K, committed 12608K, reserved 1048576K
GC Heap History (20 events):
Event: 123.876 GC heap before
{Heap before GC invocations=36 (full 4):
 garbage-first heap   total reserved 4122624K, committed 98304K, used 78558K [0x0000000704600000, 0x0000000800000000)
  region size 2048K, 23 young (47104K), 3 survivors (6144K)
 Metaspace       used 88561K, committed 89472K, reserved 1179648K
  class space    used 11945K, committed 12352K, reserved 1048576K
}
Event: 123.880 GC heap after
{Heap after GC invocations=37 (full 4):
 garbage-first heap   total reserved 4122624K, committed 98304K, used 42058K [0x0000000704600000, 0x0000000800000000)
  region size 2048K, 2 young (4096K), 2 survivors (4096K)
 Metaspace       used 88561K, committed 89472K, reserved 1179648K
  class space    used 11945K, committed 12352K, reserved 1048576K
}
Event: 150.120 GC heap before
{Heap before GC invocations=37 (full 4):
 garbage-first heap   total reserved 4122624K, committed 98304K, used 70730K [0x0000000704600000, 0x0000000800000000)
  region size 2048K, 17 young (34816K), 2 survivors (4096K)
 Metaspace       used 88751K, committed 89728K, reserved 1179648K
  class space    used 11957K, committed 12416K, reserved 1048576K
}
Event: 150.172 GC heap after
{Heap after GC invocations=38 (full 5):
 garbage-first heap   total reserved 4122624K, committed 98304K, used 35908K [0x0000000704600000, 0x0000000800000000)
  region size 2048K, 0 young (0K), 0 survivors (0K)
 Metaspace       used 88749K, committed 89728K, reserved 1179648K
  class space    used 11956K, committed 12416K, reserved 1048576K
}
Event: 150.544 GC heap before
{Heap before GC invocations=38 (full 5):
 garbage-first heap   total reserved 4122624K, committed 98304K, used 83012K [0x0000000704600000, 0x0000000800000000)
  region size 2048K, 23 young (47104K), 0 survivors (0K)
 Metaspace       used 89044K, committed 89984K, reserved 1179648K
  class space    used 11981K, committed 12416K, reserved 1048576K
}
Event: 150.548 GC heap after
{Heap after GC invocations=39 (full 5):
 garbage-first heap   total reserved 4122624K, committed 98304K, used 39708K [0x0000000704600000, 0x0000000800000000)
  region size 2048K, 2 young (4096K), 2 survivors (4096K)
 Metaspace       used 89044K, committed 89984K, reserved 1179648K
  class space    used 11981K, committed 12416K, reserved 1048576K
}
Event: 151.104 GC heap before
{Heap before GC invocations=39 (full 5):
 garbage-first heap   total reserved 4122624K, committed 98304K, used 82716K [0x0000000704600000, 0x0000000800000000)
  region size 2048K, 23 young (47104K), 2 survivors (4096K)
 Metaspace       used 89609K, committed 90496K, reserved 1179648K
  class space    used 12010K, committed 12416K, reserved 1048576K
}
Event: 151.108 GC heap after
{Heap after GC invocations=40 (full 5):
 garbage-first heap   total reserved 4122624K, committed 98304K, used 42533K [0x0000000704600000, 0x0000000800000000)
  region size 2048K, 2 young (4096K), 2 survivors (4096K)
 Metaspace       used 89609K, committed 90496K, reserved 1179648K
  class space    used 12010K, committed 12416K, reserved 1048576K
}
Event: 193.766 GC heap before
{Heap before GC invocations=40 (full 5):
 garbage-first heap   total reserved 4122624K, committed 98304K, used 71205K [0x0000000704600000, 0x0000000800000000)
  region size 2048K, 17 young (34816K), 2 survivors (4096K)
 Metaspace       used 89822K, committed 90816K, reserved 1179648K
  class space    used 12020K, committed 12480K, reserved 1048576K
}
Event: 193.815 GC heap after
{Heap after GC invocations=41 (full 6):
 garbage-first heap   total reserved 4122624K, committed 98304K, used 36387K [0x0000000704600000, 0x0000000800000000)
  region size 2048K, 0 young (0K), 0 survivors (0K)
 Metaspace       used 89819K, committed 90816K, reserved 1179648K
  class space    used 12020K, committed 12480K, reserved 1048576K
}
Event: 194.170 GC heap before
{Heap before GC invocations=41 (full 6):
 garbage-first heap   total reserved 4122624K, committed 98304K, used 83491K [0x0000000704600000, 0x0000000800000000)
  region size 2048K, 24 young (49152K), 0 survivors (0K)
 Metaspace       used 90071K, committed 91008K, reserved 1179648K
  class space    used 12045K, committed 12480K, reserved 1048576K
}
Event: 194.174 GC heap after
{Heap after GC invocations=42 (full 6):
 garbage-first heap   total reserved 4122624K, committed 98304K, used 40367K [0x0000000704600000, 0x0000000800000000)
  region size 2048K, 2 young (4096K), 2 survivors (4096K)
 Metaspace       used 90071K, committed 91008K, reserved 1179648K
  class space    used 12045K, committed 12480K, reserved 1048576K
}
Event: 194.730 GC heap before
{Heap before GC invocations=42 (full 6):
 garbage-first heap   total reserved 4122624K, committed 98304K, used 85423K [0x0000000704600000, 0x0000000800000000)
  region size 2048K, 24 young (49152K), 2 survivors (4096K)
 Metaspace       used 90553K, committed 91584K, reserved 1179648K
  class space    used 12074K, committed 12544K, reserved 1048576K
}
Event: 194.733 GC heap after
{Heap after GC invocations=43 (full 6):
 garbage-first heap   total reserved 4122624K, committed 98304K, used 43310K [0x0000000704600000, 0x0000000800000000)
  region size 2048K, 2 young (4096K), 2 survivors (4096K)
 Metaspace       used 90553K, committed 91584K, reserved 1179648K
  class space    used 12074K, committed 12544K, reserved 1048576K
}
Event: 211.719 GC heap before
{Heap before GC invocations=43 (full 6):
 garbage-first heap   total reserved 4122624K, committed 98304K, used 65838K [0x0000000704600000, 0x0000000800000000)
  region size 2048K, 14 young (28672K), 2 survivors (4096K)
 Metaspace       used 90648K, committed 91648K, reserved 1179648K
  class space    used 12080K, committed 12544K, reserved 1048576K
}
Event: 211.767 GC heap after
{Heap after GC invocations=44 (full 7):
 garbage-first heap   total reserved 4122624K, committed 98304K, used 36868K [0x0000000704600000, 0x0000000800000000)
  region size 2048K, 0 young (0K), 0 survivors (0K)
 Metaspace       used 90645K, committed 91648K, reserved 1179648K
  class space    used 12079K, committed 12544K, reserved 1048576K
}
Event: 212.111 GC heap before
{Heap before GC invocations=44 (full 7):
 garbage-first heap   total reserved 4122624K, committed 98304K, used 83972K [0x0000000704600000, 0x0000000800000000)
  region size 2048K, 23 young (47104K), 0 survivors (0K)
 Metaspace       used 90897K, committed 91840K, reserved 1179648K
  class space    used 12105K, committed 12544K, reserved 1048576K
}
Event: 212.114 GC heap after
{Heap after GC invocations=45 (full 7):
 garbage-first heap   total reserved 4122624K, committed 98304K, used 40964K [0x0000000704600000, 0x0000000800000000)
  region size 2048K, 2 young (4096K), 2 survivors (4096K)
 Metaspace       used 90897K, committed 91840K, reserved 1179648K
  class space    used 12105K, committed 12544K, reserved 1048576K
}
Event: 212.770 GC heap before
{Heap before GC invocations=45 (full 7):
 garbage-first heap   total reserved 4122624K, committed 98304K, used 83972K [0x0000000704600000, 0x0000000800000000)
  region size 2048K, 23 young (47104K), 2 survivors (4096K)
 Metaspace       used 91348K, committed 92416K, reserved 1179648K
  class space    used 12131K, committed 12608K, reserved 1048576K
}
Event: 212.774 GC heap after
{Heap after GC invocations=46 (full 7):
 garbage-first heap   total reserved 4122624K, committed 98304K, used 43553K [0x0000000704600000, 0x0000000800000000)
  region size 2048K, 2 young (4096K), 2 survivors (4096K)
 Metaspace       used 91348K, committed 92416K, reserved 1179648K
  class space    used 12131K, committed 12608K, reserved 1048576K
}

