# JRE version: Java(TM) SE Runtime Environment (22.0.2+9) (build 22.0.2+9-70)
# Java VM: Java HotSpot(TM) 64-Bit Server VM (22.0.2+9-70, mixed mode, sharing, tiered, compressed oops, compressed class ptrs, g1 gc, windows-amd64)
GC Precious Log:
 CardTable entry size: 512
 Card Set container configuration: InlinePtr #cards 4 size 8 Array Of Cards #cards 16 size 48 Howl #buckets 8 coarsen threshold 3686 Howl Bitmap #cards 512 size 80 coarsen threshold 460 Card regions per heap region 1 cards per card region 4096
 CPUs: 8 total, 8 available
 Memory: 16103M
 Large Page Support: Disabled
 NUMA Support: Disabled
 Compressed Oops: Enabled (Zero based)
 Heap Region Size: 2M
 Heap Min Capacity: 8M
 Heap Initial Capacity: 252M
 Heap Max Capacity: 4026M
 Pre-touch: Disabled
 Parallel Workers: 8
 Concurrent Workers: 2
 Concurrent Refinement Workers: 8
 Periodic GC: Disabled
Heap:
 garbage-first heap   total reserved 4122624K, committed 122880K, used 104034K [0x0000000704600000, 0x0000000800000000)
  region size 2048K, 37 young (75776K), 3 survivors (6144K)
 Metaspace       used 86683K, committed 87488K, reserved 1179648K
  class space    used 11266K, committed 11648K, reserved 1048576K
GC Heap History (20 events):
Event: 5.934 GC heap after
{Heap after GC invocations=18 (full 0):
 garbage-first heap   total reserved 4122624K, committed 108544K, used 28673K [0x0000000704600000, 0x0000000800000000)
  region size 2048K, 3 young (6144K), 3 survivors (6144K)
 Metaspace       used 59200K, committed 59904K, reserved 1114112K
  class space    used 7996K, committed 8320K, reserved 1048576K
}
Event: 5.971 GC heap before
{Heap before GC invocations=18 (full 0):
 garbage-first heap   total reserved 4122624K, committed 108544K, used 32769K [0x0000000704600000, 0x0000000800000000)
  region size 2048K, 6 young (12288K), 3 survivors (6144K)
 Metaspace       used 59653K, committed 60288K, reserved 1114112K
  class space    used 8034K, committed 8320K, reserved 1048576K
}
Event: 5.975 GC heap after
{Heap after GC invocations=19 (full 0):
 garbage-first heap   total reserved 4122624K, committed 108544K, used 29148K [0x0000000704600000, 0x0000000800000000)
  region size 2048K, 3 young (6144K), 3 survivors (6144K)
 Metaspace       used 59653K, committed 60288K, reserved 1114112K
  class space    used 8034K, committed 8320K, reserved 1048576K
}
Event: 6.421 GC heap before
{Heap before GC invocations=20 (full 0):
 garbage-first heap   total reserved 4122624K, committed 102400K, used 84444K [0x0000000704600000, 0x0000000800000000)
  region size 2048K, 30 young (61440K), 3 survivors (6144K)
 Metaspace       used 64178K, committed 64832K, reserved 1114112K
  class space    used 8800K, committed 9088K, reserved 1048576K
}
Event: 6.426 GC heap after
{Heap after GC invocations=21 (full 0):
 garbage-first heap   total reserved 4122624K, committed 102400K, used 31526K [0x0000000704600000, 0x0000000800000000)
  region size 2048K, 3 young (6144K), 3 survivors (6144K)
 Metaspace       used 64178K, committed 64832K, reserved 1114112K
  class space    used 8800K, committed 9088K, reserved 1048576K
}
Event: 6.881 GC heap before
{Heap before GC invocations=21 (full 0):
 garbage-first heap   total reserved 4122624K, committed 102400K, used 86822K [0x0000000704600000, 0x0000000800000000)
  region size 2048K, 30 young (61440K), 3 survivors (6144K)
 Metaspace       used 67925K, committed 68672K, reserved 1114112K
  class space    used 9444K, committed 9792K, reserved 1048576K
}
Event: 6.888 GC heap after
{Heap after GC invocations=22 (full 0):
 garbage-first heap   total reserved 4122624K, committed 102400K, used 33940K [0x0000000704600000, 0x0000000800000000)
  region size 2048K, 4 young (8192K), 4 survivors (8192K)
 Metaspace       used 67925K, committed 68672K, reserved 1114112K
  class space    used 9444K, committed 9792K, reserved 1048576K
}
Event: 7.354 GC heap before
{Heap before GC invocations=22 (full 0):
 garbage-first heap   total reserved 4122624K, committed 102400K, used 85140K [0x0000000704600000, 0x0000000800000000)
  region size 2048K, 29 young (59392K), 4 survivors (8192K)
 Metaspace       used 72181K, committed 72896K, reserved 1114112K
  class space    used 10020K, committed 10368K, reserved 1048576K
}
Event: 7.360 GC heap after
{Heap after GC invocations=23 (full 0):
 garbage-first heap   total reserved 4122624K, committed 102400K, used 35755K [0x0000000704600000, 0x0000000800000000)
  region size 2048K, 3 young (6144K), 3 survivors (6144K)
 Metaspace       used 72181K, committed 72896K, reserved 1114112K
  class space    used 10020K, committed 10368K, reserved 1048576K
}
Event: 7.776 GC heap before
{Heap before GC invocations=23 (full 0):
 garbage-first heap   total reserved 4122624K, committed 102400K, used 86955K [0x0000000704600000, 0x0000000800000000)
  region size 2048K, 29 young (59392K), 3 survivors (6144K)
 Metaspace       used 77114K, committed 77824K, reserved 1179648K
  class space    used 10448K, committed 10752K, reserved 1048576K
}
Event: 7.780 GC heap after
{Heap after GC invocations=24 (full 0):
 garbage-first heap   total reserved 4122624K, committed 122880K, used 37493K [0x0000000704600000, 0x0000000800000000)
  region size 2048K, 2 young (4096K), 2 survivors (4096K)
 Metaspace       used 77114K, committed 77824K, reserved 1179648K
  class space    used 10448K, committed 10752K, reserved 1048576K
}
Event: 16.222 GC heap before
{Heap before GC invocations=25 (full 0):
 garbage-first heap   total reserved 4122624K, committed 122880K, used 105077K [0x0000000704600000, 0x0000000800000000)
  region size 2048K, 36 young (73728K), 2 survivors (4096K)
 Metaspace       used 82711K, committed 83520K, reserved 1179648K
  class space    used 10989K, committed 11328K, reserved 1048576K
}
Event: 16.227 GC heap after
{Heap after GC invocations=26 (full 0):
 garbage-first heap   total reserved 4122624K, committed 122880K, used 38768K [0x0000000704600000, 0x0000000800000000)
  region size 2048K, 3 young (6144K), 3 survivors (6144K)
 Metaspace       used 82711K, committed 83520K, reserved 1179648K
  class space    used 10989K, committed 11328K, reserved 1048576K
}
Event: 215.119 GC heap before
{Heap before GC invocations=26 (full 0):
 garbage-first heap   total reserved 4122624K, committed 122880K, used 73584K [0x0000000704600000, 0x0000000800000000)
  region size 2048K, 22 young (45056K), 3 survivors (6144K)
 Metaspace       used 84341K, committed 85120K, reserved 1179648K
  class space    used 11126K, committed 11456K, reserved 1048576K
}
Event: 215.162 GC heap after
{Heap after GC invocations=27 (full 1):
 garbage-first heap   total reserved 4122624K, committed 122880K, used 32084K [0x0000000704600000, 0x0000000800000000)
  region size 2048K, 0 young (0K), 0 survivors (0K)
 Metaspace       used 84286K, committed 85120K, reserved 1179648K
  class space    used 11120K, committed 11456K, reserved 1048576K
}
Event: 310.694 GC heap before
{Heap before GC invocations=27 (full 1):
 garbage-first heap   total reserved 4122624K, committed 122880K, used 105812K [0x0000000704600000, 0x0000000800000000)
  region size 2048K, 36 young (73728K), 0 survivors (0K)
 Metaspace       used 85307K, committed 86080K, reserved 1179648K
  class space    used 11198K, committed 11584K, reserved 1048576K
}
Event: 310.695 GC heap after
{Heap after GC invocations=28 (full 1):
 garbage-first heap   total reserved 4122624K, committed 122880K, used 34243K [0x0000000704600000, 0x0000000800000000)
  region size 2048K, 2 young (4096K), 2 survivors (4096K)
 Metaspace       used 85307K, committed 86080K, reserved 1179648K
  class space    used 11198K, committed 11584K, reserved 1048576K
}
Event: 320.114 GC heap before
{Heap before GC invocations=29 (full 1):
 garbage-first heap   total reserved 4122624K, committed 122880K, used 101827K [0x0000000704600000, 0x0000000800000000)
  region size 2048K, 36 young (73728K), 2 survivors (4096K)
 Metaspace       used 85997K, committed 86848K, reserved 1179648K
  class space    used 11232K, committed 11584K, reserved 1048576K
}
Event: 320.117 GC heap after
{Heap after GC invocations=30 (full 1):
 garbage-first heap   total reserved 4122624K, committed 122880K, used 34402K [0x0000000704600000, 0x0000000800000000)
  region size 2048K, 2 young (4096K), 2 survivors (4096K)
 Metaspace       used 85997K, committed 86848K, reserved 1179648K
  class space    used 11232K, committed 11584K, reserved 1048576K
}
Event: 442.048 GC heap before
{Heap before GC invocations=30 (full 1):
 garbage-first heap   total reserved 4122624K, committed 122880K, used 101986K [0x0000000704600000, 0x0000000800000000)
  region size 2048K, 36 young (73728K), 2 survivors (4096K)
 Metaspace       used 86683K, committed 87488K, reserved 1179648K
  class space    used 11266K, committed 11648K, reserved 1048576K
}

