# JRE version: Java(TM) SE Runtime Environment (22.0.2+9) (build 22.0.2+9-70)
# Java VM: Java HotSpot(TM) 64-Bit Server VM (22.0.2+9-70, mixed mode, sharing, tiered, compressed oops, compressed class ptrs, g1 gc, windows-amd64)
GC Precious Log:
 CardTable entry size: 512
 Card Set container configuration: InlinePtr #cards 4 size 8 Array Of Cards #cards 16 size 48 Howl #buckets 8 coarsen threshold 3686 Howl Bitmap #cards 512 size 80 coarsen threshold 460 Card regions per heap region 1 cards per card region 4096
 CPUs: 8 total, 8 available
 Memory: 16103M
 Large Page Support: Disabled
 NUMA Support: Disabled
 Compressed Oops: Enabled (Zero based)
 Heap Region Size: 2M
 Heap Min Capacity: 8M
 Heap Initial Capacity: 252M
 Heap Max Capacity: 4026M
 Pre-touch: Disabled
 Parallel Workers: 8
 Concurrent Workers: 2
 Concurrent Refinement Workers: 8
 Periodic GC: Disabled
Heap:
 garbage-first heap   total reserved 4122624K, committed 163840K, used 136288K [0x0000000704600000, 0x0000000800000000)
  region size 2048K, 45 young (92160K), 3 survivors (6144K)
 Metaspace       used 99139K, committed 100352K, reserved 1179648K
  class space    used 13176K, committed 13696K, reserved 1048576K
GC Heap History (20 events):
Event: 1126.204 GC heap before
{Heap before GC invocations=44 (full 2):
 garbage-first heap   total reserved 4122624K, committed 151552K, used 126881K [0x0000000704600000, 0x0000000800000000)
  region size 2048K, 43 young (88064K), 3 survivors (6144K)
 Metaspace       used 93175K, committed 94208K, reserved 1179648K
  class space    used 12661K, committed 13120K, reserved 1048576K
}
Event: 1126.211 GC heap after
{Heap after GC invocations=45 (full 2):
 garbage-first heap   total reserved 4122624K, committed 151552K, used 49248K [0x0000000704600000, 0x0000000800000000)
  region size 2048K, 4 young (8192K), 4 survivors (8192K)
 Metaspace       used 93175K, committed 94208K, reserved 1179648K
  class space    used 12661K, committed 13120K, reserved 1048576K
}
Event: 1128.116 GC heap before
{Heap before GC invocations=45 (full 2):
 garbage-first heap   total reserved 4122624K, committed 151552K, used 84064K [0x0000000704600000, 0x0000000800000000)
  region size 2048K, 22 young (45056K), 4 survivors (8192K)
 Metaspace       used 93587K, committed 94656K, reserved 1179648K
  class space    used 12684K, committed 13184K, reserved 1048576K
}
Event: 1128.171 GC heap after
{Heap after GC invocations=46 (full 3):
 garbage-first heap   total reserved 4122624K, committed 151552K, used 42802K [0x0000000704600000, 0x0000000800000000)
  region size 2048K, 0 young (0K), 0 survivors (0K)
 Metaspace       used 93585K, committed 94656K, reserved 1179648K
  class space    used 12683K, committed 13184K, reserved 1048576K
}
Event: 1145.994 GC heap before
{Heap before GC invocations=46 (full 3):
 garbage-first heap   total reserved 4122624K, committed 151552K, used 132914K [0x0000000704600000, 0x0000000800000000)
  region size 2048K, 44 young (90112K), 0 survivors (0K)
 Metaspace       used 93877K, committed 94976K, reserved 1179648K
  class space    used 12709K, committed 13184K, reserved 1048576K
}
Event: 1145.998 GC heap after
{Heap after GC invocations=47 (full 3):
 garbage-first heap   total reserved 4122624K, committed 182272K, used 47468K [0x0000000704600000, 0x0000000800000000)
  region size 2048K, 3 young (6144K), 3 survivors (6144K)
 Metaspace       used 93877K, committed 94976K, reserved 1179648K
  class space    used 12709K, committed 13184K, reserved 1048576K
}
Event: 1167.925 GC heap before
{Heap before GC invocations=48 (full 3):
 garbage-first heap   total reserved 4122624K, committed 182272K, used 149868K [0x0000000704600000, 0x0000000800000000)
  region size 2048K, 53 young (108544K), 3 survivors (6144K)
 Metaspace       used 94763K, committed 95872K, reserved 1179648K
  class space    used 12757K, committed 13248K, reserved 1048576K
}
Event: 1167.935 GC heap after
{Heap after GC invocations=49 (full 3):
 garbage-first heap   total reserved 4122624K, committed 182272K, used 51104K [0x0000000704600000, 0x0000000800000000)
  region size 2048K, 5 young (10240K), 5 survivors (10240K)
 Metaspace       used 94763K, committed 95872K, reserved 1179648K
  class space    used 12757K, committed 13248K, reserved 1048576K
}
Event: 1170.229 GC heap before
{Heap before GC invocations=49 (full 3):
 garbage-first heap   total reserved 4122624K, committed 182272K, used 67488K [0x0000000704600000, 0x0000000800000000)
  region size 2048K, 14 young (28672K), 5 survivors (10240K)
 Metaspace       used 94951K, committed 96128K, reserved 1179648K
  class space    used 12782K, committed 13312K, reserved 1048576K
}
Event: 1170.318 GC heap after
{Heap after GC invocations=50 (full 4):
 garbage-first heap   total reserved 4122624K, committed 178176K, used 44247K [0x0000000704600000, 0x0000000800000000)
  region size 2048K, 0 young (0K), 0 survivors (0K)
 Metaspace       used 94948K, committed 96128K, reserved 1179648K
  class space    used 12782K, committed 13312K, reserved 1048576K
}
Event: 1203.048 GC heap before
{Heap before GC invocations=50 (full 4):
 garbage-first heap   total reserved 4122624K, committed 178176K, used 150743K [0x0000000704600000, 0x0000000800000000)
  region size 2048K, 52 young (106496K), 0 survivors (0K)
 Metaspace       used 95220K, committed 96320K, reserved 1179648K
  class space    used 12807K, committed 13312K, reserved 1048576K
}
Event: 1203.052 GC heap after
{Heap after GC invocations=51 (full 4):
 garbage-first heap   total reserved 4122624K, committed 178176K, used 48803K [0x0000000704600000, 0x0000000800000000)
  region size 2048K, 3 young (6144K), 3 survivors (6144K)
 Metaspace       used 95220K, committed 96320K, reserved 1179648K
  class space    used 12807K, committed 13312K, reserved 1048576K
}
Event: 1213.586 GC heap before
{Heap before GC invocations=51 (full 4):
 garbage-first heap   total reserved 4122624K, committed 178176K, used 149155K [0x0000000704600000, 0x0000000800000000)
  region size 2048K, 52 young (106496K), 3 survivors (6144K)
 Metaspace       used 96097K, committed 97216K, reserved 1179648K
  class space    used 12856K, committed 13376K, reserved 1048576K
}
Event: 1213.594 GC heap after
{Heap after GC invocations=52 (full 4):
 garbage-first heap   total reserved 4122624K, committed 178176K, used 52795K [0x0000000704600000, 0x0000000800000000)
  region size 2048K, 5 young (10240K), 5 survivors (10240K)
 Metaspace       used 96097K, committed 97216K, reserved 1179648K
  class space    used 12856K, committed 13376K, reserved 1048576K
}
Event: 1992.948 GC heap before
{Heap before GC invocations=52 (full 4):
 garbage-first heap   total reserved 4122624K, committed 178176K, used 147003K [0x0000000704600000, 0x0000000800000000)
  region size 2048K, 51 young (104448K), 5 survivors (10240K)
 Metaspace       used 98086K, committed 99264K, reserved 1179648K
  class space    used 13102K, committed 13632K, reserved 1048576K
}
Event: 1992.954 GC heap after
{Heap after GC invocations=53 (full 4):
 garbage-first heap   total reserved 4122624K, committed 178176K, used 55555K [0x0000000704600000, 0x0000000800000000)
  region size 2048K, 5 young (10240K), 5 survivors (10240K)
 Metaspace       used 98086K, committed 99264K, reserved 1179648K
  class space    used 13102K, committed 13632K, reserved 1048576K
}
Event: 2149.086 GC heap before
{Heap before GC invocations=53 (full 4):
 garbage-first heap   total reserved 4122624K, committed 178176K, used 69891K [0x0000000704600000, 0x0000000800000000)
  region size 2048K, 13 young (26624K), 5 survivors (10240K)
 Metaspace       used 98094K, committed 99264K, reserved 1179648K
  class space    used 13103K, committed 13632K, reserved 1048576K
}
Event: 2149.159 GC heap after
{Heap after GC invocations=54 (full 5):
 garbage-first heap   total reserved 4122624K, committed 163840K, used 47460K [0x0000000704600000, 0x0000000800000000)
  region size 2048K, 0 young (0K), 0 survivors (0K)
 Metaspace       used 98091K, committed 99264K, reserved 1179648K
  class space    used 13102K, committed 13632K, reserved 1048576K
}
Event: 2172.507 GC heap before
{Heap before GC invocations=54 (full 5):
 garbage-first heap   total reserved 4122624K, committed 163840K, used 143716K [0x0000000704600000, 0x0000000800000000)
  region size 2048K, 48 young (98304K), 0 survivors (0K)
 Metaspace       used 98382K, committed 99520K, reserved 1179648K
  class space    used 13129K, committed 13632K, reserved 1048576K
}
Event: 2172.511 GC heap after
{Heap after GC invocations=55 (full 5):
 garbage-first heap   total reserved 4122624K, committed 163840K, used 52320K [0x0000000704600000, 0x0000000800000000)
  region size 2048K, 3 young (6144K), 3 survivors (6144K)
 Metaspace       used 98382K, committed 99520K, reserved 1179648K
  class space    used 13129K, committed 13632K, reserved 1048576K
}

