# JRE version: Java(TM) SE Runtime Environment (22.0.2+9) (build 22.0.2+9-70)
# Java VM: Java HotSpot(TM) 64-Bit Server VM (22.0.2+9-70, mixed mode, sharing, tiered, compressed oops, compressed class ptrs, g1 gc, windows-amd64)
GC Precious Log:
 CardTable entry size: 512
 Card Set container configuration: InlinePtr #cards 4 size 8 Array Of Cards #cards 16 size 48 Howl #buckets 8 coarsen threshold 3686 Howl Bitmap #cards 512 size 80 coarsen threshold 460 Card regions per heap region 1 cards per card region 4096
 CPUs: 8 total, 8 available
 Memory: 16103M
 Large Page Support: Disabled
 NUMA Support: Disabled
 Compressed Oops: Enabled (Zero based)
 Heap Region Size: 2M
 Heap Min Capacity: 8M
 Heap Initial Capacity: 252M
 Heap Max Capacity: 4026M
 Pre-touch: Disabled
 Parallel Workers: 8
 Concurrent Workers: 2
 Concurrent Refinement Workers: 8
 Periodic GC: Disabled
Heap:
 garbage-first heap   total reserved 4122624K, committed 143360K, used 78702K [0x0000000704600000, 0x0000000800000000)
  region size 2048K, 16 young (32768K), 3 survivors (6144K)
 Metaspace       used 115937K, committed 117312K, reserved 1179648K
  class space    used 14268K, committed 14976K, reserved 1048576K
GC Heap History (20 events):
Event: 4575.270 GC heap before
{Heap before GC invocations=130 (full 29):
 garbage-first heap   total reserved 4122624K, committed 118784K, used 96549K [0x0000000704600000, 0x0000000800000000)
  region size 2048K, 25 young (51200K), 3 survivors (6144K)
 Metaspace       used 113055K, committed 114432K, reserved 1179648K
  class space    used 14024K, committed 14720K, reserved 1048576K
}
Event: 4575.275 GC heap after
{Heap after GC invocations=131 (full 29):
 garbage-first heap   total reserved 4122624K, committed 118784K, used 54740K [0x0000000704600000, 0x0000000800000000)
  region size 2048K, 4 young (8192K), 4 survivors (8192K)
 Metaspace       used 113055K, committed 114432K, reserved 1179648K
  class space    used 14024K, committed 14720K, reserved 1048576K
}
Event: 4577.824 GC heap before
{Heap before GC invocations=131 (full 29):
 garbage-first heap   total reserved 4122624K, committed 118784K, used 71124K [0x0000000704600000, 0x0000000800000000)
  region size 2048K, 13 young (26624K), 4 survivors (8192K)
 Metaspace       used 113065K, committed 114432K, reserved 1179648K
  class space    used 14024K, committed 14720K, reserved 1048576K
}
Event: 4577.890 GC heap after
{Heap after GC invocations=132 (full 30):
 garbage-first heap   total reserved 4122624K, committed 118784K, used 47634K [0x0000000704600000, 0x0000000800000000)
  region size 2048K, 0 young (0K), 0 survivors (0K)
 Metaspace       used 113062K, committed 114432K, reserved 1179648K
  class space    used 14024K, committed 14720K, reserved 1048576K
}
Event: 4578.213 GC heap before
{Heap before GC invocations=132 (full 30):
 garbage-first heap   total reserved 4122624K, committed 118784K, used 100882K [0x0000000704600000, 0x0000000800000000)
  region size 2048K, 27 young (55296K), 0 survivors (0K)
 Metaspace       used 113293K, committed 114688K, reserved 1179648K
  class space    used 14048K, committed 14720K, reserved 1048576K
}
Event: 4578.216 GC heap after
{Heap after GC invocations=133 (full 30):
 garbage-first heap   total reserved 4122624K, committed 143360K, used 52142K [0x0000000704600000, 0x0000000800000000)
  region size 2048K, 3 young (6144K), 3 survivors (6144K)
 Metaspace       used 113293K, committed 114688K, reserved 1179648K
  class space    used 14048K, committed 14720K, reserved 1048576K
}
Event: 4585.612 GC heap before
{Heap before GC invocations=133 (full 30):
 garbage-first heap   total reserved 4122624K, committed 143360K, used 119726K [0x0000000704600000, 0x0000000800000000)
  region size 2048K, 37 young (75776K), 3 survivors (6144K)
 Metaspace       used 113808K, committed 115200K, reserved 1179648K
  class space    used 14082K, committed 14784K, reserved 1048576K
}
Event: 4585.622 GC heap after
{Heap after GC invocations=134 (full 30):
 garbage-first heap   total reserved 4122624K, committed 143360K, used 55826K [0x0000000704600000, 0x0000000800000000)
  region size 2048K, 4 young (8192K), 4 survivors (8192K)
 Metaspace       used 113808K, committed 115200K, reserved 1179648K
  class space    used 14082K, committed 14784K, reserved 1048576K
}
Event: 4880.605 GC heap before
{Heap before GC invocations=134 (full 30):
 garbage-first heap   total reserved 4122624K, committed 143360K, used 76306K [0x0000000704600000, 0x0000000800000000)
  region size 2048K, 15 young (30720K), 4 survivors (8192K)
 Metaspace       used 113866K, committed 115264K, reserved 1179648K
  class space    used 14083K, committed 14784K, reserved 1048576K
}
Event: 4880.676 GC heap after
{Heap after GC invocations=135 (full 31):
 garbage-first heap   total reserved 4122624K, committed 143360K, used 49685K [0x0000000704600000, 0x0000000800000000)
  region size 2048K, 0 young (0K), 0 survivors (0K)
 Metaspace       used 113864K, committed 115264K, reserved 1179648K
  class space    used 14082K, committed 14784K, reserved 1048576K
}
Event: 4881.163 GC heap before
{Heap before GC invocations=135 (full 31):
 garbage-first heap   total reserved 4122624K, committed 143360K, used 117269K [0x0000000704600000, 0x0000000800000000)
  region size 2048K, 34 young (69632K), 0 survivors (0K)
 Metaspace       used 114149K, committed 115520K, reserved 1179648K
  class space    used 14109K, committed 14784K, reserved 1048576K
}
Event: 4881.167 GC heap after
{Heap after GC invocations=136 (full 31):
 garbage-first heap   total reserved 4122624K, committed 143360K, used 54621K [0x0000000704600000, 0x0000000800000000)
  region size 2048K, 3 young (6144K), 3 survivors (6144K)
 Metaspace       used 114149K, committed 115520K, reserved 1179648K
  class space    used 14109K, committed 14784K, reserved 1048576K
}
Event: 4986.579 GC heap before
{Heap before GC invocations=136 (full 31):
 garbage-first heap   total reserved 4122624K, committed 143360K, used 105821K [0x0000000704600000, 0x0000000800000000)
  region size 2048K, 29 young (59392K), 3 survivors (6144K)
 Metaspace       used 114734K, committed 116096K, reserved 1179648K
  class space    used 14150K, committed 14848K, reserved 1048576K
}
Event: 4986.646 GC heap after
{Heap after GC invocations=137 (full 32):
 garbage-first heap   total reserved 4122624K, committed 143360K, used 48557K [0x0000000704600000, 0x0000000800000000)
  region size 2048K, 0 young (0K), 0 survivors (0K)
 Metaspace       used 114731K, committed 116096K, reserved 1179648K
  class space    used 14149K, committed 14848K, reserved 1048576K
}
Event: 4987.135 GC heap before
{Heap before GC invocations=137 (full 32):
 garbage-first heap   total reserved 4122624K, committed 143360K, used 120237K [0x0000000704600000, 0x0000000800000000)
  region size 2048K, 36 young (73728K), 0 survivors (0K)
 Metaspace       used 114938K, committed 116288K, reserved 1179648K
  class space    used 14176K, committed 14848K, reserved 1048576K
}
Event: 4987.139 GC heap after
{Heap after GC invocations=138 (full 32):
 garbage-first heap   total reserved 4122624K, committed 143360K, used 53890K [0x0000000704600000, 0x0000000800000000)
  region size 2048K, 3 young (6144K), 3 survivors (6144K)
 Metaspace       used 114938K, committed 116288K, reserved 1179648K
  class space    used 14176K, committed 14848K, reserved 1048576K
}
Event: 5007.358 GC heap before
{Heap before GC invocations=138 (full 32):
 garbage-first heap   total reserved 4122624K, committed 143360K, used 96898K [0x0000000704600000, 0x0000000800000000)
  region size 2048K, 25 young (51200K), 3 survivors (6144K)
 Metaspace       used 115328K, committed 116736K, reserved 1179648K
  class space    used 14209K, committed 14912K, reserved 1048576K
}
Event: 5007.431 GC heap after
{Heap after GC invocations=139 (full 33):
 garbage-first heap   total reserved 4122624K, committed 143360K, used 49069K [0x0000000704600000, 0x0000000800000000)
  region size 2048K, 0 young (0K), 0 survivors (0K)
 Metaspace       used 115325K, committed 116736K, reserved 1179648K
  class space    used 14208K, committed 14912K, reserved 1048576K
}
Event: 5008.015 GC heap before
{Heap before GC invocations=139 (full 33):
 garbage-first heap   total reserved 4122624K, committed 143360K, used 118701K [0x0000000704600000, 0x0000000800000000)
  region size 2048K, 35 young (71680K), 0 survivors (0K)
 Metaspace       used 115554K, committed 116928K, reserved 1179648K
  class space    used 14235K, committed 14912K, reserved 1048576K
}
Event: 5008.019 GC heap after
{Heap after GC invocations=140 (full 33):
 garbage-first heap   total reserved 4122624K, committed 143360K, used 54126K [0x0000000704600000, 0x0000000800000000)
  region size 2048K, 3 young (6144K), 3 survivors (6144K)
 Metaspace       used 115554K, committed 116928K, reserved 1179648K
  class space    used 14235K, committed 14912K, reserved 1048576K
}

