<?xml version="1.0" encoding="UTF-8"?>
<!-- Generated by org.testng.reporters.JUnitXMLReporter -->
<testsuite ignored="2" hostname="PC-1414" failures="0" tests="1" name="Default test" time="3.94" errors="0" timestamp="2024-09-16T10:30:39 EEST">
  <testcase classname="selenium.MultiPlayerTest" name="testSendWordAndCategoryFail" time="2.272"/>
  <testcase classname="selenium.MultiPlayerTest" name="testSendWordAndCategoryEmpty" time="0.0">
    <ignored/>
  </testcase> <!-- testSendWordAndCategoryEmpty -->
  <testcase classname="selenium.MultiPlayerTest" name="testSendWordAndCategory" time="0.0">
    <ignored/>
  </testcase> <!-- testSendWordAndCategory -->
</testsuite> <!-- Default test -->
