<?xml version="1.0" encoding="UTF-8"?>
<!-- Generated by org.testng.reporters.JUnitXMLReporter -->
<testsuite ignored="0" hostname="PC-1414" failures="0" tests="3" name="Default test" time="15.523" errors="0" timestamp="2024-09-19T15:46:13 EEST">
  <testcase classname="selenium.MultiPlayerStartedTest" name="testWordDisplayedAndBackToHome" time="2.383"/>
  <testcase classname="selenium.MultiPlayerStartedTest" name="testWordMakeTry" time="4.389"/>
  <testcase classname="selenium.MultiPlayerStartedTest" name="testWordMakeTryFail" time="4.353"/>
</testsuite> <!-- Default test -->
